{
  "RSpec": {
    "coverage": {
      "/Users/elatawy/Downloads/Smart Pension - Ruby Test/ruby_app/lib/monkey_patches/string.rb": {
        "lines": [
          null,
          null,
          null,
          null,
          null,
          null,
          1,
          1,
          48,
          null,
          null,
          1,
          3,
          null,
          null
        ]
      },
      "/Users/elatawy/Downloads/Smart Pension - Ruby Test/ruby_app/lib/file_reader.rb": {
        "lines": [
          null,
          null,
          1,
          null,
          null,
          null,
          null,
          1,
          1,
          1,
          null,
          1,
          1,
          6,
          1,
          1,
          null,
          null
        ]
      },
      "/Users/elatawy/Downloads/Smart Pension - Ruby Test/ruby_app/spec/log_line_parsers_spec.rb": {
        "lines": [
          null,
          null,
          1,
          1,
          null,
          1,
          1,
          1,
          null,
          null,
          null,
          null,
          1,
          1,
          1,
          1,
          null,
          null,
          null,
          1,
          1,
          null,
          1,
          null,
          null,
          1,
          1,
          null,
          1,
          null,
          null,
          null,
          1,
          1,
          1,
          1,
          1,
          null,
          null,
          1,
          1,
          1,
          1,
          null,
          1,
          null,
          null,
          1,
          1,
          1,
          null,
          1,
          null,
          null,
          1,
          1,
          1,
          null,
          1,
          null,
          null,
          null,
          1,
          1,
          1,
          null,
          1,
          1,
          null,
          null,
          null,
          null,
          1,
          1,
          null,
          1,
          1,
          null,
          null,
          null,
          null,
          null,
          null
        ]
      },
      "/Users/elatawy/Downloads/Smart Pension - Ruby Test/ruby_app/lib/parsers.rb": {
        "lines": [
          null,
          null,
          null,
          null,
          null,
          1,
          1,
          null,
          1,
          null,
          null,
          1,
          9,
          null,
          8,
          null,
          1,
          null,
          null,
          null,
          1,
          8,
          6,
          null,
          null,
          6,
          6,
          2,
          null,
          null,
          4,
          null,
          null,
          null,
          1,
          6,
          4,
          null,
          1,
          null,
          null,
          1,
          3,
          3,
          3,
          null,
          null,
          null
        ]
      },
      "/Users/elatawy/Downloads/Smart Pension - Ruby Test/ruby_app/spec/log_line_spec.rb": {
        "lines": [
          null,
          null,
          1,
          1,
          null,
          1,
          2,
          2,
          1,
          1,
          null,
          null,
          null,
          1,
          2,
          1,
          null,
          null,
          null,
          1,
          1,
          null,
          1,
          null,
          null
        ]
      },
      "/Users/elatawy/Downloads/Smart Pension - Ruby Test/ruby_app/lib/log_line.rb": {
        "lines": [
          null,
          null,
          1,
          null,
          null,
          null,
          null,
          1,
          1,
          null,
          1,
          1,
          1,
          null,
          null
        ]
      },
      "/Users/elatawy/Downloads/Smart Pension - Ruby Test/ruby_app/spec/page_spec.rb": {
        "lines": [
          null,
          null,
          1,
          1,
          1,
          5,
          null,
          1,
          1,
          null,
          null,
          1,
          1,
          null,
          null,
          1,
          1,
          1,
          1,
          null,
          1,
          null,
          null,
          1,
          1,
          1,
          1,
          null,
          1,
          null,
          null
        ]
      },
      "/Users/elatawy/Downloads/Smart Pension - Ruby Test/ruby_app/lib/page.rb": {
        "lines": [
          null,
          null,
          null,
          null,
          null,
          1,
          1,
          4,
          4,
          4,
          null,
          null,
          1,
          6,
          null,
          null,
          1,
          4,
          null,
          null,
          1,
          2,
          null,
          null
        ]
      },
      "/Users/elatawy/Downloads/Smart Pension - Ruby Test/ruby_app/spec/page_tracker_spec.rb": {
        "lines": [
          null,
          null,
          1,
          1,
          1,
          1,
          1,
          2,
          1,
          null,
          1,
          1,
          null,
          1,
          null,
          null,
          1,
          1,
          1,
          1,
          1,
          1,
          null,
          1,
          null,
          1,
          null,
          null,
          null,
          1,
          1,
          1,
          null,
          null,
          1,
          1,
          1,
          10,
          10,
          10,
          10,
          null,
          null,
          1,
          null,
          1,
          null,
          1,
          10,
          null,
          null,
          1,
          1,
          null,
          null,
          null,
          null,
          null,
          null,
          null,
          null,
          null,
          null,
          null,
          1,
          1,
          1,
          10,
          10,
          10,
          10,
          null,
          null,
          1,
          null,
          1,
          null,
          1,
          10,
          null,
          null,
          1,
          1,
          null,
          null,
          null,
          null,
          null,
          null,
          null,
          null,
          null,
          null,
          null
        ]
      },
      "/Users/elatawy/Downloads/Smart Pension - Ruby Test/ruby_app/lib/page_tracker.rb": {
        "lines": [
          null,
          null,
          1,
          null,
          null,
          null,
          null,
          1,
          1,
          5,
          null,
          null,
          1,
          4,
          null,
          null,
          1,
          24,
          24,
          23,
          null,
          24,
          null,
          null,
          1,
          1,
          24,
          10,
          null,
          null,
          1,
          1,
          24,
          10,
          null,
          null,
          1,
          null,
          1,
          24,
          24,
          24,
          null,
          null
        ]
      },
      "/Users/elatawy/Downloads/Smart Pension - Ruby Test/ruby_app/spec/web_server_parser_spec.rb": {
        "lines": [
          null,
          null,
          1,
          null,
          1,
          1,
          null,
          1,
          null,
          1,
          null,
          1,
          1,
          1,
          null,
          1,
          null,
          null,
          null,
          null,
          null,
          null,
          null,
          1,
          null,
          1,
          null,
          1,
          1,
          null,
          1,
          null,
          null,
          1,
          1,
          null,
          null
        ]
      },
      "/Users/elatawy/Downloads/Smart Pension - Ruby Test/ruby_app/parser_ioc_container.rb": {
        "lines": [
          null,
          null,
          1,
          1,
          null,
          null,
          null,
          null,
          1,
          1,
          null,
          1,
          0,
          null,
          1,
          1,
          null,
          null,
          1,
          1,
          null,
          null,
          null,
          1
        ]
      },
      "/Users/elatawy/Downloads/Smart Pension - Ruby Test/ruby_app/lib/web_server_parser.rb": {
        "lines": [
          null,
          null,
          1,
          1,
          1,
          null,
          null,
          null,
          null,
          1,
          1,
          null,
          1,
          null,
          1,
          1,
          null,
          5,
          1,
          1,
          1,
          null,
          1,
          null,
          null
        ]
      }
    },
    "timestamp": 1623007233
  }
}
